2017-10-26 21:59:51.520  INFO 1580 --- [main] com.thinker.gate.ArdGateApplication      : Starting ArdGateApplication on DESKTOP-4V8P2LO with PID 1580 (G:\IDEA_Files\IDEA_WORKSPACE_U\workspace1\ard_gate\target\classes started by LPF in G:\IDEA_Files\IDEA_WORKSPACE_U\workspace1\ard_gate)
2017-10-26 21:59:51.525  INFO 1580 --- [main] com.thinker.gate.ArdGateApplication      : The following profiles are active: dev
2017-10-26 21:59:51.623  INFO 1580 --- [main] ationConfigEmbeddedWebApplicationContext : Refreshing org.springframework.boot.context.embedded.AnnotationConfigEmbeddedWebApplicationContext@1b083826: startup date [Thu Oct 26 21:59:51 CST 2017]; root of context hierarchy
2017-10-26 21:59:53.086  WARN 1580 --- [main] o.m.s.mapper.ClassPathMapperScanner      : No MyBatis mapper was found in '[com.thinker.gate]' package. Please check your configuration.
2017-10-26 21:59:53.128  INFO 1580 --- [main] .s.d.r.c.RepositoryConfigurationDelegate : Multiple Spring Data modules found, entering strict repository configuration mode!
2017-10-26 21:59:53.694  INFO 1580 --- [main] trationDelegate$BeanPostProcessorChecker : Bean 'shiroConfig' of type [com.thinker.gate.config.ShiroConfig$$EnhancerBySpringCGLIB$$cb1b9527] is not eligible for getting processed by all BeanPostProcessors (for example: not eligible for auto-proxying)
2017-10-26 21:59:54.232  INFO 1580 --- [main] trationDelegate$BeanPostProcessorChecker : Bean 'shiroRealmImpl' of type [com.thinker.gate.shiro.ShiroRealmImpl] is not eligible for getting processed by all BeanPostProcessors (for example: not eligible for auto-proxying)
2017-10-26 21:59:54.356  INFO 1580 --- [main] trationDelegate$BeanPostProcessorChecker : Bean 'shiroEhcacheManager' of type [org.apache.shiro.cache.ehcache.EhCacheManager] is not eligible for getting processed by all BeanPostProcessors (for example: not eligible for auto-proxying)
2017-10-26 21:59:54.357  INFO 1580 --- [main] o.a.shiro.cache.ehcache.EhCacheManager   : Cache with name 'com.thinker.gate.shiro.ShiroRealmImpl.authorizationCache' does not yet exist.  Creating now.
2017-10-26 21:59:54.397  INFO 1580 --- [main] o.a.shiro.cache.ehcache.EhCacheManager   : Added EhCache named [com.thinker.gate.shiro.ShiroRealmImpl.authorizationCache]
2017-10-26 21:59:54.417  INFO 1580 --- [main] trationDelegate$BeanPostProcessorChecker : Bean 'securityManager' of type [org.apache.shiro.web.mgt.DefaultWebSecurityManager] is not eligible for getting processed by all BeanPostProcessors (for example: not eligible for auto-proxying)
2017-10-26 21:59:54.522  INFO 1580 --- [main] trationDelegate$BeanPostProcessorChecker : Bean 'org.springframework.transaction.annotation.ProxyTransactionManagementConfiguration' of type [org.springframework.transaction.annotation.ProxyTransactionManagementConfiguration$$EnhancerBySpringCGLIB$$e6fb6074] is not eligible for getting processed by all BeanPostProcessors (for example: not eligible for auto-proxying)
2017-10-26 21:59:54.548  INFO 1580 --- [main] trationDelegate$BeanPostProcessorChecker : Bean 'getAuthorizationAttributeSourceAdvisor' of type [org.apache.shiro.spring.security.interceptor.AuthorizationAttributeSourceAdvisor] is not eligible for getting processed by all BeanPostProcessors (for example: not eligible for auto-proxying)
2017-10-26 21:59:55.209  INFO 1580 --- [main] s.b.c.e.t.TomcatEmbeddedServletContainer : Tomcat initialized with port(s): 9090 (http)
2017-10-26 21:59:55.223  INFO 1580 --- [main] o.apache.catalina.core.StandardService   : Starting service [Tomcat]
2017-10-26 21:59:55.225  INFO 1580 --- [main] org.apache.catalina.core.StandardEngine  : Starting Servlet Engine: Apache Tomcat/8.5.23
2017-10-26 21:59:55.404  INFO 1580 --- [localhost-startStop-1] o.a.c.c.C.[Tomcat].[localhost].[/]       : Initializing Spring embedded WebApplicationContext
2017-10-26 21:59:55.405  INFO 1580 --- [localhost-startStop-1] o.s.web.context.ContextLoader            : Root WebApplicationContext: initialization completed in 3786 ms
2017-10-26 21:59:55.808  INFO 1580 --- [localhost-startStop-1] o.s.b.w.servlet.ServletRegistrationBean  : Mapping servlet: 'dispatcherServlet' to [/]
2017-10-26 21:59:55.814  INFO 1580 --- [localhost-startStop-1] o.s.b.w.servlet.FilterRegistrationBean   : Mapping filter: 'characterEncodingFilter' to: [/*]
2017-10-26 21:59:55.815  INFO 1580 --- [localhost-startStop-1] o.s.b.w.servlet.FilterRegistrationBean   : Mapping filter: 'hiddenHttpMethodFilter' to: [/*]
2017-10-26 21:59:55.815  INFO 1580 --- [localhost-startStop-1] o.s.b.w.servlet.FilterRegistrationBean   : Mapping filter: 'httpPutFormContentFilter' to: [/*]
2017-10-26 21:59:55.815  INFO 1580 --- [localhost-startStop-1] o.s.b.w.servlet.FilterRegistrationBean   : Mapping filter: 'requestContextFilter' to: [/*]
2017-10-26 21:59:55.815  INFO 1580 --- [localhost-startStop-1] o.s.b.w.servlet.FilterRegistrationBean   : Mapping filter: 'shiroFilter' to: [/*]
2017-10-26 21:59:56.505  INFO 1580 --- [main] s.w.s.m.m.a.RequestMappingHandlerAdapter : Looking for @ControllerAdvice: org.springframework.boot.context.embedded.AnnotationConfigEmbeddedWebApplicationContext@1b083826: startup date [Thu Oct 26 21:59:51 CST 2017]; root of context hierarchy
2017-10-26 21:59:56.625  INFO 1580 --- [main] s.w.s.m.m.a.RequestMappingHandlerMapping : Mapped "{[/dologin]}" onto public java.lang.String com.thinker.gate.controller.LoginController.doLogin(javax.servlet.http.HttpServletRequest,org.springframework.ui.Model)
2017-10-26 21:59:56.631  INFO 1580 --- [main] s.w.s.m.m.a.RequestMappingHandlerMapping : Mapped "{[/error]}" onto public org.springframework.http.ResponseEntity<java.util.Map<java.lang.String, java.lang.Object>> org.springframework.boot.autoconfigure.web.BasicErrorController.error(javax.servlet.http.HttpServletRequest)
2017-10-26 21:59:56.632  INFO 1580 --- [main] s.w.s.m.m.a.RequestMappingHandlerMapping : Mapped "{[/error],produces=[text/html]}" onto public org.springframework.web.servlet.ModelAndView org.springframework.boot.autoconfigure.web.BasicErrorController.errorHtml(javax.servlet.http.HttpServletRequest,javax.servlet.http.HttpServletResponse)
2017-10-26 21:59:56.682  INFO 1580 --- [main] o.s.w.s.handler.SimpleUrlHandlerMapping  : Root mapping to handler of type [class org.springframework.web.servlet.mvc.ParameterizableViewController]
2017-10-26 21:59:56.727  INFO 1580 --- [main] o.s.w.s.handler.SimpleUrlHandlerMapping  : Mapped URL path [/webjars/**] onto handler of type [class org.springframework.web.servlet.resource.ResourceHttpRequestHandler]
2017-10-26 21:59:56.732  INFO 1580 --- [main] o.s.w.s.handler.SimpleUrlHandlerMapping  : Mapped URL path [/**] onto handler of type [class org.springframework.web.servlet.resource.ResourceHttpRequestHandler]
2017-10-26 21:59:56.842  INFO 1580 --- [main] o.s.w.s.handler.SimpleUrlHandlerMapping  : Mapped URL path [/**/favicon.ico] onto handler of type [class org.springframework.web.servlet.resource.ResourceHttpRequestHandler]
2017-10-26 21:59:56.992  INFO 1580 --- [main] oConfiguration$WelcomePageHandlerMapping : Adding welcome page: class path resource [static/index.html]
2017-10-26 21:59:58.278  INFO 1580 --- [main] o.s.ui.freemarker.SpringTemplateLoader   : SpringTemplateLoader for FreeMarker: using resource loader [org.springframework.boot.context.embedded.AnnotationConfigEmbeddedWebApplicationContext@1b083826: startup date [Thu Oct 26 21:59:51 CST 2017]; root of context hierarchy] and template loader path [classpath:/templates/]
2017-10-26 21:59:58.281  INFO 1580 --- [main] o.s.w.s.v.f.FreeMarkerConfigurer         : ClassTemplateLoader for Spring macros added to FreeMarker configuration
2017-10-26 21:59:58.327  WARN 1580 --- [main] o.s.b.a.f.FreeMarkerAutoConfiguration    : Cannot find template location(s): [classpath:/templates/] (please add some templates, check your FreeMarker configuration, or set spring.freemarker.checkTemplateLocation=false)
2017-10-26 21:59:58.619  INFO 1580 --- [main] o.s.j.e.a.AnnotationMBeanExporter        : Registering beans for JMX exposure on startup
2017-10-26 21:59:58.737  INFO 1580 --- [main] s.b.c.e.t.TomcatEmbeddedServletContainer : Tomcat started on port(s): 9090 (http)
2017-10-26 21:59:58.747  INFO 1580 --- [main] com.thinker.gate.ArdGateApplication      : Started ArdGateApplication in 7.68 seconds (JVM running for 8.205)
